  classes.cpp
C:\Users\mateu\Documents\GitHub\Simple-paint-cpp-pk4\PK4 Edytor\PK4 Edytor\classes.cpp(72,43): warning C4244: "argument": konwersja z "int" do "float", możliwa utrata danych
C:\Users\mateu\Documents\GitHub\Simple-paint-cpp-pk4\PK4 Edytor\PK4 Edytor\classes.cpp(115,15): warning C4244: "=": konwersja z "double" do "float", możliwa utrata danych
C:\Users\mateu\Documents\GitHub\Simple-paint-cpp-pk4\PK4 Edytor\PK4 Edytor\classes.cpp(116,34): warning C4244: "=": konwersja z "double" do "float", możliwa utrata danych
C:\Users\mateu\Documents\GitHub\Simple-paint-cpp-pk4\PK4 Edytor\PK4 Edytor\classes.cpp(284,18): warning C4244: "=": konwersja z "double" do "float", możliwa utrata danych
C:\Users\mateu\Documents\GitHub\Simple-paint-cpp-pk4\PK4 Edytor\PK4 Edytor\classes.cpp(516,72): warning C4838: konwersja z „T” do „float” wymaga konwersji zawężającej
          with
          [
              T=int
          ]
C:\Users\mateu\Documents\GitHub\Simple-paint-cpp-pk4\PK4 Edytor\PK4 Edytor\classes.cpp(516,72): warning C4244: "inicjowanie": konwersja z "T" do "float", możliwa utrata danych
          with
          [
              T=int
          ]
C:\Users\mateu\Documents\GitHub\Simple-paint-cpp-pk4\PK4 Edytor\PK4 Edytor\classes.cpp(516,106): warning C4838: konwersja z „T” do „float” wymaga konwersji zawężającej
          with
          [
              T=int
          ]
C:\Users\mateu\Documents\GitHub\Simple-paint-cpp-pk4\PK4 Edytor\PK4 Edytor\classes.cpp(516,106): warning C4244: "inicjowanie": konwersja z "T" do "float", możliwa utrata danych
          with
          [
              T=int
          ]
C:\Users\mateu\Documents\GitHub\Simple-paint-cpp-pk4\PK4 Edytor\PK4 Edytor\classes.cpp(54): warning C4715: "Shape::chooseColor”: niewszystkie ścieżki kodu zwracają wartość
  PK4 Edytor.vcxproj -> C:\Users\mateu\Documents\GitHub\Simple-paint-cpp-pk4\PK4 Edytor\x64\Debug\PK4 Edytor.exe
