  canvas.cpp
C:\Users\mateu\Documents\GitHub\Simple-paint-cpp-pk4\PK4 Edytor\PK4 Edytor\canvas.cpp(19,16): warning C4244: "inicjowanie": konwersja z "const T" do "int", możliwa utrata danych
          with
          [
              T=float
          ]
C:\Users\mateu\Documents\GitHub\Simple-paint-cpp-pk4\PK4 Edytor\PK4 Edytor\canvas.cpp(20,16): warning C4244: "inicjowanie": konwersja z "const T" do "int", możliwa utrata danych
          with
          [
              T=float
          ]
C:\Users\mateu\Documents\GitHub\Simple-paint-cpp-pk4\PK4 Edytor\PK4 Edytor\canvas.cpp(22,21): warning C4244: "inicjowanie": konwersja z "T" do "int", możliwa utrata danych
          with
          [
              T=float
          ]
C:\Users\mateu\Documents\GitHub\Simple-paint-cpp-pk4\PK4 Edytor\PK4 Edytor\canvas.cpp(23,22): warning C4244: "inicjowanie": konwersja z "T" do "int", możliwa utrata danych
          with
          [
              T=float
          ]
  classes.cpp
C:\Users\mateu\Documents\GitHub\Simple-paint-cpp-pk4\PK4 Edytor\PK4 Edytor\classes.cpp(72,43): warning C4244: "argument": konwersja z "int" do "float", możliwa utrata danych
C:\Users\mateu\Documents\GitHub\Simple-paint-cpp-pk4\PK4 Edytor\PK4 Edytor\classes.cpp(115,15): warning C4244: "=": konwersja z "double" do "float", możliwa utrata danych
C:\Users\mateu\Documents\GitHub\Simple-paint-cpp-pk4\PK4 Edytor\PK4 Edytor\classes.cpp(116,34): warning C4244: "=": konwersja z "double" do "float", możliwa utrata danych
C:\Users\mateu\Documents\GitHub\Simple-paint-cpp-pk4\PK4 Edytor\PK4 Edytor\classes.cpp(284,18): warning C4244: "=": konwersja z "double" do "float", możliwa utrata danych
C:\Users\mateu\Documents\GitHub\Simple-paint-cpp-pk4\PK4 Edytor\PK4 Edytor\classes.cpp(505,72): warning C4838: konwersja z „T” do „float” wymaga konwersji zawężającej
          with
          [
              T=int
          ]
C:\Users\mateu\Documents\GitHub\Simple-paint-cpp-pk4\PK4 Edytor\PK4 Edytor\classes.cpp(505,72): warning C4244: "inicjowanie": konwersja z "T" do "float", możliwa utrata danych
          with
          [
              T=int
          ]
C:\Users\mateu\Documents\GitHub\Simple-paint-cpp-pk4\PK4 Edytor\PK4 Edytor\classes.cpp(505,106): warning C4838: konwersja z „T” do „float” wymaga konwersji zawężającej
          with
          [
              T=int
          ]
C:\Users\mateu\Documents\GitHub\Simple-paint-cpp-pk4\PK4 Edytor\PK4 Edytor\classes.cpp(505,106): warning C4244: "inicjowanie": konwersja z "T" do "float", możliwa utrata danych
          with
          [
              T=int
          ]
  main.cpp
  Trwa generowanie kodu
  2 of 463 functions ( 0.4%) were compiled, the rest were copied from previous compilation.
    0 functions were new in current compilation
    3 functions had inline decision re-evaluated but remain unchanged
  Zakończono generowanie kodu
  PK4 Edytor.vcxproj -> C:\Users\mateu\Documents\GitHub\Simple-paint-cpp-pk4\PK4 Edytor\x64\Release\PK4 Edytor.exe
